Using pre-set license
Built from '2022.3/staging' branch; Version is '2022.3.43f1 (85497d293fa1) revision 8735101'; Using compiler version '192829333'; Build Type 'Release'
OS: 'Windows 10  (10.0.19045) 64bit Professional' Language: 'en' Physical Memory: 14188 MB
BatchMode: 1, IsHumanControllingUs: 0, StartBugReporterOnCrash: 0, Is64bit: 1, IsPro: 1

COMMAND LINE ARGUMENTS:
C:\Program Files\Unity\Hub\Editor\2022.3.43f1\Editor\Unity.exe
-adb2
-batchMode
-noUpm
-name
AssetImportWorker3
-projectPath
C:/Users/Big Man/SCP SL 2
-logFile
Logs/AssetImportWorker3.log
-srvPort
50892
Successfully changed project path to: C:/Users/Big Man/SCP SL 2
C:/Users/Big Man/SCP SL 2
[UnityMemory] Configuration Parameters - Can be set up in boot.config
    "memorysetup-bucket-allocator-granularity=16"
    "memorysetup-bucket-allocator-bucket-count=8"
    "memorysetup-bucket-allocator-block-size=33554432"
    "memorysetup-bucket-allocator-block-count=8"
    "memorysetup-main-allocator-block-size=16777216"
    "memorysetup-thread-allocator-block-size=16777216"
    "memorysetup-gfx-main-allocator-block-size=16777216"
    "memorysetup-gfx-thread-allocator-block-size=16777216"
    "memorysetup-cache-allocator-block-size=4194304"
    "memorysetup-typetree-allocator-block-size=2097152"
    "memorysetup-profiler-bucket-allocator-granularity=16"
    "memorysetup-profiler-bucket-allocator-bucket-count=8"
    "memorysetup-profiler-bucket-allocator-block-size=33554432"
    "memorysetup-profiler-bucket-allocator-block-count=8"
    "memorysetup-profiler-allocator-block-size=16777216"
    "memorysetup-profiler-editor-allocator-block-size=1048576"
    "memorysetup-temp-allocator-size-main=16777216"
    "memorysetup-job-temp-allocator-block-size=2097152"
    "memorysetup-job-temp-allocator-block-size-background=1048576"
    "memorysetup-job-temp-allocator-reduction-small-platforms=262144"
    "memorysetup-allocator-temp-initial-block-size-main=262144"
    "memorysetup-allocator-temp-initial-block-size-worker=262144"
    "memorysetup-temp-allocator-size-background-worker=32768"
    "memorysetup-temp-allocator-size-job-worker=262144"
    "memorysetup-temp-allocator-size-preload-manager=33554432"
    "memorysetup-temp-allocator-size-nav-mesh-worker=65536"
    "memorysetup-temp-allocator-size-audio-worker=65536"
    "memorysetup-temp-allocator-size-cloud-worker=32768"
    "memorysetup-temp-allocator-size-gi-baking-worker=262144"
    "memorysetup-temp-allocator-size-gfx=262144"
Player connection [528]  Target information:

Player connection [528]  * "[IP] 192.168.1.12 [Port] 0 [Flags] 2 [Guid] 311836679 [EditorId] 311836679 [Version] 1048832 [Id] WindowsEditor(7,DESKTOP-L4ISK75) [Debug] 1 [PackageName] WindowsEditor [ProjectName] Editor" 

Player connection [528] Host joined multi-casting on [225.0.0.222:54997]...
Player connection [528] Host joined alternative multi-casting on [225.0.0.222:34997]...
[PhysX] Initialized MultithreadedTaskDispatcher with 12 workers.
Refreshing native plugins compatible for Editor in 12.99 ms, found 3 plugins.
Preloading 0 native plugins for Editor in 0.00 ms.
Initialize engine version: 2022.3.43f1 (85497d293fa1)
[Subsystems] Discovering subsystems at path C:/Program Files/Unity/Hub/Editor/2022.3.43f1/Editor/Data/Resources/UnitySubsystems
[Subsystems] Discovering subsystems at path C:/Users/Big Man/SCP SL 2/Assets
GfxDevice: creating device client; threaded=0; jobified=0
Direct3D:
    Version:  Direct3D 11.0 [level 11.1]
    Renderer: NVIDIA GeForce RTX 3050 Ti Laptop GPU (ID=0x25a0)
    Vendor:   NVIDIA
    VRAM:     3965 MB
    Driver:   32.0.15.6636
Initialize mono
Mono path[0] = 'C:/Program Files/Unity/Hub/Editor/2022.3.43f1/Editor/Data/Managed'
Mono path[1] = 'C:/Program Files/Unity/Hub/Editor/2022.3.43f1/Editor/Data/MonoBleedingEdge/lib/mono/unityjit-win32'
Mono config path = 'C:/Program Files/Unity/Hub/Editor/2022.3.43f1/Editor/Data/MonoBleedingEdge/etc'
Using monoOptions --debugger-agent=transport=dt_socket,embedding=1,server=y,suspend=n,address=127.0.0.1:56672
Begin MonoManager ReloadAssembly
Registering precompiled unity dll's ...
Register platform support module: C:/Program Files/Unity/Hub/Editor/2022.3.43f1/Editor/Data/PlaybackEngines/WebGLSupport/UnityEditor.WebGL.Extensions.dll
Register platform support module: C:/Program Files/Unity/Hub/Editor/2022.3.43f1/Editor/Data/PlaybackEngines/WindowsStandaloneSupport/UnityEditor.WindowsStandalone.Extensions.dll
Registered in 0.017956 seconds.
- Loaded All Assemblies, in  0.367 seconds
Native extension for WindowsStandalone target not found
Native extension for WebGL target not found
Mono: successfully reloaded assembly
- Finished resetting the current domain, in  0.246 seconds
Domain Reload Profiling: 609ms
	BeginReloadAssembly (123ms)
		ExecutionOrderSort (0ms)
		DisableScriptedObjects (0ms)
		BackupInstance (0ms)
		ReleaseScriptingObjects (0ms)
		CreateAndSetChildDomain (1ms)
	RebuildCommonClasses (34ms)
	RebuildNativeTypeToScriptingClass (9ms)
	initialDomainReloadingComplete (74ms)
	LoadAllAssembliesAndSetupDomain (124ms)
		LoadAssemblies (120ms)
		RebuildTransferFunctionScriptingTraits (0ms)
		AnalyzeDomain (121ms)
			TypeCache.Refresh (120ms)
				TypeCache.ScanAssembly (108ms)
			ScanForSourceGeneratedMonoScriptInfo (0ms)
			ResolveRequiredComponents (0ms)
	FinalizeReload (246ms)
		ReleaseScriptCaches (0ms)
		RebuildScriptCaches (0ms)
		SetupLoadedEditorAssemblies (207ms)
			LogAssemblyErrors (0ms)
			InitializePlatformSupportModulesInManaged (14ms)
			SetLoadedEditorAssemblies (5ms)
			RefreshPlugins (0ms)
			BeforeProcessingInitializeOnLoad (2ms)
			ProcessInitializeOnLoadAttributes (141ms)
			ProcessInitializeOnLoadMethodAttributes (45ms)
			AfterProcessingInitializeOnLoad (0ms)
			EditorAssembliesLoaded (0ms)
		ExecutionOrderSort2 (0ms)
		AwakeInstancesAfterBackupRestoration (0ms)
========================================================================
Worker process is ready to serve import requests
Caller must complete domain reload
Begin MonoManager ReloadAssembly
- Loaded All Assemblies, in  0.710 seconds
Native extension for WindowsStandalone target not found
Native extension for WebGL target not found
Package Manager log level set to [2]
[Package Manager] Server::EnsureServerProcessIsRunning -- launch failed, reason: Unity was launched with the -noUpm command-line argument
[Package Manager] UpmClient::Send -- Unable to send message (not connected to UPM process).
[Package Manager] Cannot connect to Unity Package Manager local server
Mono: successfully reloaded assembly
- Finished resetting the current domain, in  0.669 seconds
Domain Reload Profiling: 1371ms
	BeginReloadAssembly (153ms)
		ExecutionOrderSort (0ms)
		DisableScriptedObjects (5ms)
		BackupInstance (0ms)
		ReleaseScriptingObjects (0ms)
		CreateAndSetChildDomain (22ms)
	RebuildCommonClasses (31ms)
	RebuildNativeTypeToScriptingClass (8ms)
	initialDomainReloadingComplete (55ms)
	LoadAllAssembliesAndSetupDomain (454ms)
		LoadAssemblies (357ms)
		RebuildTransferFunctionScriptingTraits (0ms)
		AnalyzeDomain (191ms)
			TypeCache.Refresh (165ms)
				TypeCache.ScanAssembly (151ms)
			ScanForSourceGeneratedMonoScriptInfo (19ms)
			ResolveRequiredComponents (6ms)
	FinalizeReload (670ms)
		ReleaseScriptCaches (0ms)
		RebuildScriptCaches (0ms)
		SetupLoadedEditorAssemblies (528ms)
			LogAssemblyErrors (0ms)
			InitializePlatformSupportModulesInManaged (12ms)
			SetLoadedEditorAssemblies (3ms)
			RefreshPlugins (0ms)
			BeforeProcessingInitializeOnLoad (83ms)
			ProcessInitializeOnLoadAttributes (398ms)
			ProcessInitializeOnLoadMethodAttributes (18ms)
			AfterProcessingInitializeOnLoad (14ms)
			EditorAssembliesLoaded (0ms)
		ExecutionOrderSort2 (0ms)
		AwakeInstancesAfterBackupRestoration (9ms)
Launched and connected shader compiler UnityShaderCompiler.exe after 0.05 seconds
Refreshing native plugins compatible for Editor in 5.69 ms, found 3 plugins.
Preloading 0 native plugins for Editor in 0.00 ms.
Unloading 4184 Unused Serialized files (Serialized files now loaded: 0)
Unloading 47 unused Assets / (1.9 MB). Loaded Objects now: 4647.
Memory consumption went from 162.3 MB to 160.4 MB.
Total: 3.899200 ms (FindLiveObjects: 0.281600 ms CreateObjectMapping: 0.218600 ms MarkObjects: 2.958000 ms  DeleteObjects: 0.440200 ms)

AssetImportParameters requested are different than current active one (requested -> active):
  custom:container-demuxer-ogg: 62fdf1f143b41e24485cea50d1cbac27 -> 
  custom:video-decoder-ogg-theora: a1e56fd34408186e4bbccfd4996cb3dc -> 
  custom:framework-win-MediaFoundation: 216162199b28c13a410421893ffa2e32 -> 
  custom:CustomObjectIndexerAttribute: 9a22284fe3817be447336de3de66b15e -> 
  custom:container-demuxer-webm: 4f35f7cbe854078d1ac9338744f61a02 -> 
  custom:container-muxer-webm: aa71ff27fc2769a1b78a27578f13a17b -> 
  custom:video-decoder-webm-vp8: 9c59270c3fd7afecdb556c50c9e8de78 -> 
  custom:SearchIndexIgnoredProperties: e643bd26f0fe6173181afceb89e7c659 -> 
  custom:AudioImporter_EditorPlatform: d09bf68614088b80899f8185d706f6e7 -> 
  custom:video-encoder-webm-vp8: eb34c28f22e8b96e1ab97ce403110664 -> 
  custom:audio-decoder-ogg-vorbis: bf7c407c2cedff20999df2af8eb42d56 -> 
  custom:audio-encoder-webm-vorbis: bf7c407c2cedff20999df2af8eb42d56 -> 
========================================================================
Received Import Request.
  Time since last request: 7193.394194 seconds.
  path: Assets/Spoiled Unknown/XtremeFPS/Weapon/Models/Materials/L96_Sniper_Rifle.mat
  artifactKey: Guid(70980b263f290094e8f7255b92b1e65f) Importer(815301076,1909f56bfc062723c751e8b465ee728b)
Start importing Assets/Spoiled Unknown/XtremeFPS/Weapon/Models/Materials/L96_Sniper_Rifle.mat using Guid(70980b263f290094e8f7255b92b1e65f) Importer(815301076,1909f56bfc062723c751e8b465ee728b) [PhysX] Initialized MultithreadedTaskDispatcher with 12 workers.
[PhysX] Initialized MultithreadedTaskDispatcher with 12 workers.
 -> (artifact id: '5ef08fa7da861f2d86c6a101ad4e0a61') in 0.111591 seconds
Number of updated asset objects reloaded before import = 0
Number of asset objects unloaded after import = 1
========================================================================
Received Import Request.
  Time since last request: 14.615191 seconds.
  path: Assets/Spoiled Unknown/XtremeFPS/Weapon/Textures/870_Shotgun_Normal.png
  artifactKey: Guid(eceb15899b33fcd47a73ca733ed4cd5b) Importer(815301076,1909f56bfc062723c751e8b465ee728b)
Start importing Assets/Spoiled Unknown/XtremeFPS/Weapon/Textures/870_Shotgun_Normal.png using Guid(eceb15899b33fcd47a73ca733ed4cd5b) Importer(815301076,1909f56bfc062723c751e8b465ee728b) [PhysX] Initialized MultithreadedTaskDispatcher with 12 workers.
[PhysX] Initialized MultithreadedTaskDispatcher with 12 workers.
 -> (artifact id: 'affa8e369d94ccf8b49e9707f2aa92a5') in 0.075539 seconds
Number of updated asset objects reloaded before import = 0
Number of asset objects unloaded after import = 2
========================================================================
Received Import Request.
  Time since last request: 0.000031 seconds.
  path: Assets/Spoiled Unknown/XtremeFPS/Weapon/Textures/Ak-47_Metallic.tga
  artifactKey: Guid(4194c236a50acfb48a27ae62623c7423) Importer(815301076,1909f56bfc062723c751e8b465ee728b)
Start importing Assets/Spoiled Unknown/XtremeFPS/Weapon/Textures/Ak-47_Metallic.tga using Guid(4194c236a50acfb48a27ae62623c7423) Importer(815301076,1909f56bfc062723c751e8b465ee728b) [PhysX] Initialized MultithreadedTaskDispatcher with 12 workers.
[PhysX] Initialized MultithreadedTaskDispatcher with 12 workers.
 -> (artifact id: '45d67e3d84820b4d2c112b99a39d504f') in 0.016983 seconds
Number of updated asset objects reloaded before import = 0
Number of asset objects unloaded after import = 2
========================================================================
Received Import Request.
  Time since last request: 0.000052 seconds.
  path: Assets/Spoiled Unknown/XtremeFPS/Weapon/Textures/Pistol_Albedo.png
  artifactKey: Guid(da20eaf0b2a20964c899453bff2bd310) Importer(815301076,1909f56bfc062723c751e8b465ee728b)
Start importing Assets/Spoiled Unknown/XtremeFPS/Weapon/Textures/Pistol_Albedo.png using Guid(da20eaf0b2a20964c899453bff2bd310) Importer(815301076,1909f56bfc062723c751e8b465ee728b) [PhysX] Initialized MultithreadedTaskDispatcher with 12 workers.
[PhysX] Initialized MultithreadedTaskDispatcher with 12 workers.
 -> (artifact id: '90fb8c3fa3449ebe5d015f1e120864e0') in 0.020804 seconds
Number of updated asset objects reloaded before import = 0
Number of asset objects unloaded after import = 2
========================================================================
Received Import Request.
  Time since last request: 0.000031 seconds.
  path: Assets/Spoiled Unknown/XtremeFPS/Weapon/Textures/M4_Metallic.tga
  artifactKey: Guid(d5a9a5ad1607b634d84ecf8b86e1ef29) Importer(815301076,1909f56bfc062723c751e8b465ee728b)
Start importing Assets/Spoiled Unknown/XtremeFPS/Weapon/Textures/M4_Metallic.tga using Guid(d5a9a5ad1607b634d84ecf8b86e1ef29) Importer(815301076,1909f56bfc062723c751e8b465ee728b) [PhysX] Initialized MultithreadedTaskDispatcher with 12 workers.
[PhysX] Initialized MultithreadedTaskDispatcher with 12 workers.
 -> (artifact id: '4ccb0c269e26a2f088f117515878528f') in 0.016902 seconds
Number of updated asset objects reloaded before import = 0
Number of asset objects unloaded after import = 2
========================================================================
Received Import Request.
  Time since last request: 10.334799 seconds.
  path: Assets/Spoiled Unknown/XtremeFPS/Weapon/Materials/URP/BulletDecalMetal.mat
  artifactKey: Guid(094e76e620df5714eb3946120657e1f6) Importer(815301076,1909f56bfc062723c751e8b465ee728b)
Start importing Assets/Spoiled Unknown/XtremeFPS/Weapon/Materials/URP/BulletDecalMetal.mat using Guid(094e76e620df5714eb3946120657e1f6) Importer(815301076,1909f56bfc062723c751e8b465ee728b) [PhysX] Initialized MultithreadedTaskDispatcher with 12 workers.
[PhysX] Initialized MultithreadedTaskDispatcher with 12 workers.
 -> (artifact id: '932c1f6b10a55b04222a80fb0e9fdae9') in 0.018639 seconds
Number of updated asset objects reloaded before import = 0
Number of asset objects unloaded after import = 3
========================================================================
Received Import Request.
  Time since last request: 0.000019 seconds.
  path: Assets/Spoiled Unknown/XtremeFPS/Weapon/Materials/URP/L96_Sniper_Rifle 1.mat
  artifactKey: Guid(9f45e83e3b9960b40a661e36f420622f) Importer(815301076,1909f56bfc062723c751e8b465ee728b)
Start importing Assets/Spoiled Unknown/XtremeFPS/Weapon/Materials/URP/L96_Sniper_Rifle 1.mat using Guid(9f45e83e3b9960b40a661e36f420622f) Importer(815301076,1909f56bfc062723c751e8b465ee728b) [PhysX] Initialized MultithreadedTaskDispatcher with 12 workers.
[PhysX] Initialized MultithreadedTaskDispatcher with 12 workers.
 -> (artifact id: '93275945d8394e49c56c6495ac86aa1b') in 0.044801 seconds
Number of updated asset objects reloaded before import = 0
Number of asset objects unloaded after import = 4
========================================================================
Received Import Request.
  Time since last request: 1.857371 seconds.
  path: Assets/Spoiled Unknown/XtremeFPS/Weapon/Materials/HDRP/AK-47 1.mat
  artifactKey: Guid(83d7d2b7e068cd24f89ede3d31012dc5) Importer(815301076,1909f56bfc062723c751e8b465ee728b)
Start importing Assets/Spoiled Unknown/XtremeFPS/Weapon/Materials/HDRP/AK-47 1.mat using Guid(83d7d2b7e068cd24f89ede3d31012dc5) Importer(815301076,1909f56bfc062723c751e8b465ee728b) [PhysX] Initialized MultithreadedTaskDispatcher with 12 workers.
[PhysX] Initialized MultithreadedTaskDispatcher with 12 workers.
 -> (artifact id: 'bf3fdaa6a96e92605c69d4f55f12fd87') in 0.019519 seconds
Number of updated asset objects reloaded before import = 0
Number of asset objects unloaded after import = 5
========================================================================
Received Import Request.
  Time since last request: 0.000026 seconds.
  path: Assets/Spoiled Unknown/XtremeFPS/Weapon/Materials/HDRP/AK-47 1_MaskMap.png
  artifactKey: Guid(470bfe580d530bc4abf5496d02cf335c) Importer(815301076,1909f56bfc062723c751e8b465ee728b)
Start importing Assets/Spoiled Unknown/XtremeFPS/Weapon/Materials/HDRP/AK-47 1_MaskMap.png using Guid(470bfe580d530bc4abf5496d02cf335c) Importer(815301076,1909f56bfc062723c751e8b465ee728b) [PhysX] Initialized MultithreadedTaskDispatcher with 12 workers.
[PhysX] Initialized MultithreadedTaskDispatcher with 12 workers.
 -> (artifact id: 'c0ed7daefa2ae881f2a51587ed9e60f6') in 0.017532 seconds
Number of updated asset objects reloaded before import = 0
Number of asset objects unloaded after import = 2
========================================================================
Received Import Request.
  Time since last request: 0.000050 seconds.
  path: Assets/Spoiled Unknown/XtremeFPS/Weapon/Materials/HDRP/L96_Sniper_Rifle 1.mat
  artifactKey: Guid(bc4cca482d14a1f43a02c2f833e0b5b6) Importer(815301076,1909f56bfc062723c751e8b465ee728b)
Start importing Assets/Spoiled Unknown/XtremeFPS/Weapon/Materials/HDRP/L96_Sniper_Rifle 1.mat using Guid(bc4cca482d14a1f43a02c2f833e0b5b6) Importer(815301076,1909f56bfc062723c751e8b465ee728b) [PhysX] Initialized MultithreadedTaskDispatcher with 12 workers.
[PhysX] Initialized MultithreadedTaskDispatcher with 12 workers.
 -> (artifact id: 'c4d30d6dd200ed7f2ac8f14698454374') in 0.014802 seconds
Number of updated asset objects reloaded before import = 0
Number of asset objects unloaded after import = 5
========================================================================
Received Import Request.
  Time since last request: 0.000025 seconds.
  path: Assets/Spoiled Unknown/XtremeFPS/Weapon/Materials/HDRP/Pistol 1_MaskMap.png
  artifactKey: Guid(b0a4030bef1d2f343b2cac8bf50e29bb) Importer(815301076,1909f56bfc062723c751e8b465ee728b)
Start importing Assets/Spoiled Unknown/XtremeFPS/Weapon/Materials/HDRP/Pistol 1_MaskMap.png using Guid(b0a4030bef1d2f343b2cac8bf50e29bb) Importer(815301076,1909f56bfc062723c751e8b465ee728b) [PhysX] Initialized MultithreadedTaskDispatcher with 12 workers.
[PhysX] Initialized MultithreadedTaskDispatcher with 12 workers.
 -> (artifact id: '44920e00055ae809a0fa33aef8007aa7') in 0.018174 seconds
Number of updated asset objects reloaded before import = 0
Number of asset objects unloaded after import = 2
========================================================================
Received Import Request.
  Time since last request: 49.020895 seconds.
  path: Assets/Spoiled Unknown/XtremeFPS/Sounds/Player/Sliding.wav
  artifactKey: Guid(d261e6d42697b4b44b1e4f8bc462561a) Importer(815301076,1909f56bfc062723c751e8b465ee728b)
Start importing Assets/Spoiled Unknown/XtremeFPS/Sounds/Player/Sliding.wav using Guid(d261e6d42697b4b44b1e4f8bc462561a) Importer(815301076,1909f56bfc062723c751e8b465ee728b) [PhysX] Initialized MultithreadedTaskDispatcher with 12 workers.
[PhysX] Initialized MultithreadedTaskDispatcher with 12 workers.
 -> (artifact id: 'd32d8fdff84ca9d73a0bb50186909c79') in 0.032854 seconds
Number of updated asset objects reloaded before import = 0
Number of asset objects unloaded after import = 2
========================================================================
Received Import Request.
  Time since last request: 109.053929 seconds.
  path: Assets/Spoiled Unknown/XtremeFPS/Sounds/Weapons/AK - 47.wav
  artifactKey: Guid(d3247579c549643a5b3a95f9224eaf3c) Importer(815301076,1909f56bfc062723c751e8b465ee728b)
Start importing Assets/Spoiled Unknown/XtremeFPS/Sounds/Weapons/AK - 47.wav using Guid(d3247579c549643a5b3a95f9224eaf3c) Importer(815301076,1909f56bfc062723c751e8b465ee728b) [PhysX] Initialized MultithreadedTaskDispatcher with 12 workers.
[PhysX] Initialized MultithreadedTaskDispatcher with 12 workers.
 -> (artifact id: '8de12a7016bf85c629999fcc4a2ec817') in 0.012201 seconds
Number of updated asset objects reloaded before import = 0
Number of asset objects unloaded after import = 2
========================================================================
Received Import Request.
  Time since last request: 0.000019 seconds.
  path: Assets/Spoiled Unknown/XtremeFPS/Sounds/Weapons/L96_Sniper_Rifle.wav
  artifactKey: Guid(aa94a48ec468c464e8c375e3650981a8) Importer(815301076,1909f56bfc062723c751e8b465ee728b)
Start importing Assets/Spoiled Unknown/XtremeFPS/Sounds/Weapons/L96_Sniper_Rifle.wav using Guid(aa94a48ec468c464e8c375e3650981a8) Importer(815301076,1909f56bfc062723c751e8b465ee728b) [PhysX] Initialized MultithreadedTaskDispatcher with 12 workers.
[PhysX] Initialized MultithreadedTaskDispatcher with 12 workers.
 -> (artifact id: 'f632d6fd3970f1f3b4b3e93276916236') in 0.012839 seconds
Number of updated asset objects reloaded before import = 0
Number of asset objects unloaded after import = 2
========================================================================
Received Import Request.
  Time since last request: 0.000017 seconds.
  path: Assets/Spoiled Unknown/XtremeFPS/Sounds/Weapons/Pistol.wav
  artifactKey: Guid(60c75f6f9ecda4a4caac49477a0ffc89) Importer(815301076,1909f56bfc062723c751e8b465ee728b)
Start importing Assets/Spoiled Unknown/XtremeFPS/Sounds/Weapons/Pistol.wav using Guid(60c75f6f9ecda4a4caac49477a0ffc89) Importer(815301076,1909f56bfc062723c751e8b465ee728b) [PhysX] Initialized MultithreadedTaskDispatcher with 12 workers.
[PhysX] Initialized MultithreadedTaskDispatcher with 12 workers.
 -> (artifact id: '701f53693f84b9d30db70c1ff911c6d1') in 0.013259 seconds
Number of updated asset objects reloaded before import = 0
Number of asset objects unloaded after import = 2
========================================================================
Received Import Request.
  Time since last request: 144.786747 seconds.
  path: Assets/Spoiled Unknown/XtremeFPS/Demo/Demo Environment/Materials/BuiltIn/Grass.mat
  artifactKey: Guid(36971a20ff6e47244a2173d19cb3cabc) Importer(815301076,1909f56bfc062723c751e8b465ee728b)
Start importing Assets/Spoiled Unknown/XtremeFPS/Demo/Demo Environment/Materials/BuiltIn/Grass.mat using Guid(36971a20ff6e47244a2173d19cb3cabc) Importer(815301076,1909f56bfc062723c751e8b465ee728b) [PhysX] Initialized MultithreadedTaskDispatcher with 12 workers.
[PhysX] Initialized MultithreadedTaskDispatcher with 12 workers.
 -> (artifact id: 'c12934ebc8a7e27d30d72dc4d5f81718') in 0.109738 seconds
Number of updated asset objects reloaded before import = 0
Number of asset objects unloaded after import = 4
========================================================================
Received Import Request.
  Time since last request: 0.000021 seconds.
  path: Assets/Spoiled Unknown/XtremeFPS/Demo/Demo Environment/Materials/BuiltIn/Metal.mat
  artifactKey: Guid(28a1e7aedff3d504c8c374c14fddea6a) Importer(815301076,1909f56bfc062723c751e8b465ee728b)
Start importing Assets/Spoiled Unknown/XtremeFPS/Demo/Demo Environment/Materials/BuiltIn/Metal.mat using Guid(28a1e7aedff3d504c8c374c14fddea6a) Importer(815301076,1909f56bfc062723c751e8b465ee728b) [PhysX] Initialized MultithreadedTaskDispatcher with 12 workers.
[PhysX] Initialized MultithreadedTaskDispatcher with 12 workers.
 -> (artifact id: '85cd385b6a84e0d06c0071734f23f6ee') in 0.020584 seconds
Number of updated asset objects reloaded before import = 0
Number of asset objects unloaded after import = 4
========================================================================
Received Import Request.
  Time since last request: 0.000031 seconds.
  path: Assets/Spoiled Unknown/XtremeFPS/Demo/Demo Environment/Materials/BuiltIn/Gravel.mat
  artifactKey: Guid(ad43eae74c325a64997896345052c377) Importer(815301076,1909f56bfc062723c751e8b465ee728b)
Start importing Assets/Spoiled Unknown/XtremeFPS/Demo/Demo Environment/Materials/BuiltIn/Gravel.mat using Guid(ad43eae74c325a64997896345052c377) Importer(815301076,1909f56bfc062723c751e8b465ee728b) [PhysX] Initialized MultithreadedTaskDispatcher with 12 workers.
[PhysX] Initialized MultithreadedTaskDispatcher with 12 workers.
 -> (artifact id: '66f6fa5dc5ec436b45462a8c8710153a') in 0.018281 seconds
Number of updated asset objects reloaded before import = 0
Number of asset objects unloaded after import = 4
========================================================================
Received Import Request.
  Time since last request: 0.000019 seconds.
  path: Assets/Spoiled Unknown/XtremeFPS/Demo/Demo Environment/Materials/BuiltIn/Jump Pad.mat
  artifactKey: Guid(596ef94758511c1468c2183112ff3b65) Importer(815301076,1909f56bfc062723c751e8b465ee728b)
Start importing Assets/Spoiled Unknown/XtremeFPS/Demo/Demo Environment/Materials/BuiltIn/Jump Pad.mat using Guid(596ef94758511c1468c2183112ff3b65) Importer(815301076,1909f56bfc062723c751e8b465ee728b) [PhysX] Initialized MultithreadedTaskDispatcher with 12 workers.
[PhysX] Initialized MultithreadedTaskDispatcher with 12 workers.
 -> (artifact id: '78885db5458f12a8de7f3018fdf95a7f') in 0.131951 seconds
Number of updated asset objects reloaded before import = 0
Number of asset objects unloaded after import = 4
========================================================================
Received Import Request.
  Time since last request: 0.000030 seconds.
  path: Assets/Spoiled Unknown/XtremeFPS/Demo/Demo Environment/Materials/BuiltIn/Player Interactable.mat
  artifactKey: Guid(83facb11331c079469a15e3f19b7465c) Importer(815301076,1909f56bfc062723c751e8b465ee728b)
Start importing Assets/Spoiled Unknown/XtremeFPS/Demo/Demo Environment/Materials/BuiltIn/Player Interactable.mat using Guid(83facb11331c079469a15e3f19b7465c) Importer(815301076,1909f56bfc062723c751e8b465ee728b) [PhysX] Initialized MultithreadedTaskDispatcher with 12 workers.
[PhysX] Initialized MultithreadedTaskDispatcher with 12 workers.
 -> (artifact id: '9201958003fbeec5f86e61db9662c283') in 0.017835 seconds
Number of updated asset objects reloaded before import = 0
Number of asset objects unloaded after import = 4
Editor requested this worker to shutdown with reason: Scaling down because of idle timeout
TcpMessagingSession - receive error: operation aborted. errorcode: 995, details: The I/O operation has been aborted because of either a thread exit or an application request.
AssetImportWorker is now disconnected from the server
Process exiting
Exiting without the bug reporter. Application will terminate with return code 0